Case #1: 15 25
Case #2: 0 0
Case #3: 81 567
Case #4: 181 244
Case #5: 0 0
Case #6: 500 500
Case #7: 100 900
Case #8: 93 227
Case #9: 82 164
Case #10: 87 222
Case #11: 75 296
Case #12: 83 416
Case #13: 68 252
Case #14: 178 411
Case #15: 161 314
Case #16: 112 393
Case #17: 144 386
Case #18: 207 444
Case #19: 133 508
Case #20: 103 360
Case #21: 117 521
Case #22: 153 307
Case #23: 160 432
Case #24: 225 456
Case #25: 173 379
Case #26: 231 445
Case #27: 193 431
Case #28: 111 299
Case #29: 193 554
Case #30: 138 501
Case #31: 160 357
Case #32: 83 384
Case #33: 91 363
Case #34: 169 366
Case #35: 181 415
Case #36: 181 350
Case #37: 171 568
Case #38: 165 536
Case #39: 84 242
Case #40: 119 409
Case #41: 136 368
Case #42: 51 287
Case #43: 125 357
Case #44: 234 565
Case #45: 113 294
Case #46: 172 375
Case #47: 140 363
Case #48: 138 410
Case #49: 116 298
Case #50: 151 309
Case #51: 152 433
Case #52: 101 278
Case #53: 172 453
Case #54: 158 362
Case #55: 211 428
Case #56: 168 346
Case #57: 160 346
Case #58: 130 282
Case #59: 149 311
Case #60: 136 432
Case #61: 95 224
Case #62: 187 370
Case #63: 124 423
Case #64: 116 334
Case #65: 148 415
Case #66: 122 324
Case #67: 152 260
Case #68: 120 360
Case #69: 119 310
Case #70: 204 396
Case #71: 169 531
Case #72: 92 393
Case #73: 140 399
Case #74: 171 341
Case #75: 174 439
Case #76: 89 501
Case #77: 179 387
Case #78: 179 436
Case #79: 162 453
Case #80: 138 441
Case #81: 109 317
Case #82: 110 429
Case #83: 179 340
Case #84: 169 337
Case #85: 140 508
Case #86: 120 317
Case #87: 166 390
Case #88: 173 439
Case #89: 146 250
Case #90: 181 433
Case #91: 178 405
Case #92: 107 298
Case #93: 104 424
Case #94: 187 376
Case #95: 123 370
Case #96: 150 229
Case #97: 140 393
Case #98: 147 252
Case #99: 163 327
Case #100: 105 332
