Case #1: BA BA
Case #2: AA CB C BA
Case #3: CC BA
Case #4: BB AA BC
Case #5: BB CA C AB
Case #6: BA BA BA B AC
Case #7: CC BA BA
Case #8: BA BA B AC
Case #9: CC CC BA BA
Case #10: AA CC AA CB
Case #11: CC AA CB C BA
Case #12: AA AA CB CB
Case #13: CC AA CB
Case #14: BB AA BB AC
Case #15: BB AA BC B CA
Case #16: BB CC BA B AC
Case #17: BA
Case #18: AA CB
Case #19: BA BA BA
Case #20: CC BA BA B AC
Case #21: BB AA CC AB
Case #22: AA CC AB A BC
Case #23: CC BA B AC
Case #24: CC BB CA C AB
Case #25: BB CC BA
Case #26: BA B AC
Case #27: AA CC AB
Case #28: CC BB CC BA
Case #29: AA BB AC
Case #30: CA CA C AB
Case #31: C BA
Case #32: CA C AB
Case #33: CC BB AA BC
Case #34: CB C BA
Case #35: CC BB CA
Case #36: CA CA CA C AB
Case #37: CB CB C BA
Case #38: AA BB AC A CB
Case #39: BA BA BA BA
Case #40: CB CB CB C BA
Case #41: CC AA BB AC
Case #42: BB BB CA CA
Case #43: AA BB AA BC
Case #44: BB CC BB CA
Case #45: CC AA CC AB
Case #46: BB CA
