Case #1:
GGG
CCC
JJJ
Case #2:
CODE
CODE
JJAM
Case #3:
CA
KE
Case #4:
BAE
DDC
Case #5:
DCG
BFA
EEE
EEE
Case #6:
CGGG
EADD
BFFF
Case #7:
BBBB
CCAE
DDDD
Case #8:
EEEE
CBBD
AAAA
Case #9:
AAA
AAA
Case #10:
ACCC
EEEE
BDDF
Case #11:
AABB
DEEE
CCCC
Case #12:
CCCE
DBAA
DBAA
Case #13:
AAA
FFH
DCE
BBG
Case #14:
EEE
FFF
CBB
DDA
Case #15:
AA
AA
Case #16:
ABB
Case #17:
EEEE
DCAA
BBBB
Case #18:
EBA
DCC
DCC
DCC
Case #19:
BBB
AFF
DDD
ECC
Case #20:
CAAA
DDDB
EEEE
Case #21:
AAA
Case #22:
ABC
DDD
EEE
Case #23:
BA
Case #24:
DBE
CAA
CAA
CAA
Case #25:
ACGF
KEIB
DHJJ
Case #26:
AAAA
BBBE
CCCD
Case #27:
AAC
BBB
Case #28:
EDA
CFB
Case #29:
CFGG
IEJK
BHAD
Case #30:
HAA
DKI
EBG
JFC
Case #31:
AA
BB
CC
DD
EE
FF
Case #32:
EBD
CFA
CFA
CFA
Case #33:
DHH
ABI
EJG
KCF
Case #34:
ABB
CCC
DEE
FFF
Case #35:
DEE
CCC
FFF
BAA
Case #36:
BBB
DDA
FCH
GEI
Case #37:
CDF
CDF
AAA
EEB
Case #38:
CCC
CCC
EBD
FFA
Case #39:
CDD
ABB
EEE
EEE
Case #40:
EEEE
BFFF
DACC
Case #41:
BBB
AAA
Case #42:
A
B
Case #43:
EECC
BBAD
FFFF
Case #44:
ABBCCC
DDEEFF
Case #45:
AAA
CCC
EDF
BBB
Case #46:
FFFF
EEEC
AABD
Case #47:
GED
CAJ
KIH
BBF
Case #48:
A
A
Case #49:
EEEE
DDAA
BCCC
Case #50:
BBBB
AAAA
Case #51:
FFF
HHG
EDC
AAB
Case #52:
CCCC
DDDD
BAAE
Case #53:
CCD
EEE
FFA
BBB
Case #54:
AA
Case #55:
ABCD
ABCD
ABCD
Case #56:
ABBCCDDEEFFF
Case #57:
JAFC
GBIE
LDHK
Case #58:
BE
BE
DD
CC
CC
AA
Case #59:
DBB
DBB
CCC
EAF
Case #60:
ABBB
CCDD
EFFF
Case #61:
AAAA
BBBB
CCCC
Case #62:
ACB
Case #63:
AA
AA
AA
BB
Case #64:
AAA
BBB
DFC
EEE
Case #65:
CDD
BIF
EAJ
GHK
Case #66:
JJAF
CIKE
BGHD
Case #67:
EEC
ABB
DDD
FFF
Case #68:
FGCD
AAAB
EEEE
Case #69:
BBG
DAF
HHE
CCC
Case #70:
DAAA
DAAA
BECC
Case #71:
ECAG
BBDF
HHHH
Case #72:
CCJJ
CCJJ
CCJJ
Case #73:
DFE
BAG
CCC
CCC
Case #74:
BBCA
BBCA
DDEE
Case #75:
FFCA
EEED
BBBB
Case #76:
ABB
CCC
DDD
EEF
Case #77:
A
A
B
B
C
C
D
D
E
E
F
F
Case #78:
BA
CC
Case #79:
ABCD
ABCD
ABCD
Case #80:
CEBD
CEBD
AAAA
Case #81:
BDA
CCC
Case #82:
AAAA
BBBB
CCCC
Case #83:
BAD
FCC
FCC
EEE
Case #84:
FFFF
EAAA
CBDD
Case #85:
DC
AB
Case #86:
GGE
CAF
BBD
BBD
Case #87:
AA
BB
Case #88:
ABCD
ABCD
ABCD
Case #89:
FIHA
BKJD
GGCE
Case #90:
FDD
CAA
BBB
EEE
Case #91:
A
Case #92:
DDDD
CCCE
BBAA
Case #93:
BBB
EEE
DDF
ACC
Case #94:
AAAA
BBBB
CCCC
Case #95:
CCAA
DDBB
EEEE
Case #96:
EEE
BFC
DDD
AAA
Case #97:
DDDD
BBAA
CEEE
Case #98:
AAAA
BBBB
CCCC
Case #99:
HHFF
EEGB
AIDC
Case #100:
ADD
BBB
CEE
